<?xml version="1.0" encoding="UTF-8"?>
<!-- Generated by org.testng.reporters.JUnitReportReporter -->
<testsuite skipped="0" hostname="2c195c145b09" name="com.seachmodule.tests.SearchTest" tests="4" failures="0" timestamp="30 May 2019 16:30:49 GMT" time="11.887" errors="0">
  <testcase name="search" time="2.858" classname="com.seachmodule.tests.SearchTest"/>
  <testcase name="search" time="3.059" classname="com.seachmodule.tests.SearchTest"/>
  <testcase name="search" time="2.937" classname="com.seachmodule.tests.SearchTest"/>
  <testcase name="search" time="3.033" classname="com.seachmodule.tests.SearchTest"/>
</testsuite> <!-- com.seachmodule.tests.SearchTest -->
